INFO:root:**************************
INFO:root:Iniciando Scraping . . .
INFO:root:Error al interactuar con la página: Message: timeout: Timed out receiving message from renderer: 300.000
  (Session info: chrome=131.0.6778.86)
Stacktrace:
	GetHandleVerifier [0x00007FF6DE6D6CB5+28821]
	(No symbol) [0x00007FF6DE643840]
	(No symbol) [0x00007FF6DE4E578A]
	(No symbol) [0x00007FF6DE4D3992]
	(No symbol) [0x00007FF6DE4D365A]
	(No symbol) [0x00007FF6DE4D1274]
	(No symbol) [0x00007FF6DE4D1D1F]
	(No symbol) [0x00007FF6DE4E084E]
	(No symbol) [0x00007FF6DE4F492D]
	(No symbol) [0x00007FF6DE4FB10A]
	(No symbol) [0x00007FF6DE4D2484]
	(No symbol) [0x00007FF6DE4F4753]
	(No symbol) [0x00007FF6DE57F75A]
	(No symbol) [0x00007FF6DE55F0A3]
	(No symbol) [0x00007FF6DE52A778]
	(No symbol) [0x00007FF6DE52B8E1]
	GetHandleVerifier [0x00007FF6DEA0FCAD+3408013]
	GetHandleVerifier [0x00007FF6DEA2741F+3504127]
	GetHandleVerifier [0x00007FF6DEA1B5FD+3455453]
	GetHandleVerifier [0x00007FF6DE79BDBB+835995]
	(No symbol) [0x00007FF6DE64EB5F]
	(No symbol) [0x00007FF6DE64A814]
	(No symbol) [0x00007FF6DE64A9AD]
	(No symbol) [0x00007FF6DE63A199]
	BaseThreadInitThunk [0x00007FFEAFCB7374+20]
	RtlUserThreadStart [0x00007FFEB037CC91+33]

INFO:root:Navegador cerrado exitosamente.
INFO:root:**************************
INFO:root:**************************
INFO:root:Iniciando Scraping . . .
INFO:root:Error al interactuar con la página: Message: timeout: Timed out receiving message from renderer: 300.000
  (Session info: chrome=131.0.6778.86)
Stacktrace:
	GetHandleVerifier [0x00007FF660B76CB5+28821]
	(No symbol) [0x00007FF660AE3840]
	(No symbol) [0x00007FF66098578A]
	(No symbol) [0x00007FF660973992]
	(No symbol) [0x00007FF66097365A]
	(No symbol) [0x00007FF660971274]
	(No symbol) [0x00007FF660971D1F]
	(No symbol) [0x00007FF66098084E]
	(No symbol) [0x00007FF66099492D]
	(No symbol) [0x00007FF66099B10A]
	(No symbol) [0x00007FF660972484]
	(No symbol) [0x00007FF660994753]
	(No symbol) [0x00007FF660A1F75A]
	(No symbol) [0x00007FF6609FF0A3]
	(No symbol) [0x00007FF6609CA778]
	(No symbol) [0x00007FF6609CB8E1]
	GetHandleVerifier [0x00007FF660EAFCAD+3408013]
	GetHandleVerifier [0x00007FF660EC741F+3504127]
	GetHandleVerifier [0x00007FF660EBB5FD+3455453]
	GetHandleVerifier [0x00007FF660C3BDBB+835995]
	(No symbol) [0x00007FF660AEEB5F]
	(No symbol) [0x00007FF660AEA814]
	(No symbol) [0x00007FF660AEA9AD]
	(No symbol) [0x00007FF660ADA199]
	BaseThreadInitThunk [0x00007FFEAFCB7374+20]
	RtlUserThreadStart [0x00007FFEB037CC91+33]

INFO:root:Navegador cerrado exitosamente.
INFO:root:**************************
INFO:root:**************************
INFO:root:Iniciando Scraping . . .
INFO:root:Error al interactuar con la página: Message: timeout: Timed out receiving message from renderer: 300.000
  (Session info: chrome=131.0.6778.86)
Stacktrace:
	GetHandleVerifier [0x00007FF630DA6CB5+28821]
	(No symbol) [0x00007FF630D13840]
	(No symbol) [0x00007FF630BB578A]
	(No symbol) [0x00007FF630BA3992]
	(No symbol) [0x00007FF630BA365A]
	(No symbol) [0x00007FF630BA1274]
	(No symbol) [0x00007FF630BA1D1F]
	(No symbol) [0x00007FF630BB084E]
	(No symbol) [0x00007FF630BC492D]
	(No symbol) [0x00007FF630BCB10A]
	(No symbol) [0x00007FF630BA2484]
	(No symbol) [0x00007FF630BC4753]
	(No symbol) [0x00007FF630C4F75A]
	(No symbol) [0x00007FF630C2F0A3]
	(No symbol) [0x00007FF630BFA778]
	(No symbol) [0x00007FF630BFB8E1]
	GetHandleVerifier [0x00007FF6310DFCAD+3408013]
	GetHandleVerifier [0x00007FF6310F741F+3504127]
	GetHandleVerifier [0x00007FF6310EB5FD+3455453]
	GetHandleVerifier [0x00007FF630E6BDBB+835995]
	(No symbol) [0x00007FF630D1EB5F]
	(No symbol) [0x00007FF630D1A814]
	(No symbol) [0x00007FF630D1A9AD]
	(No symbol) [0x00007FF630D0A199]
	BaseThreadInitThunk [0x00007FFEAFCB7374+20]
	RtlUserThreadStart [0x00007FFEB037CC91+33]

INFO:root:Navegador cerrado exitosamente.
INFO:root:**************************
INFO:root:**************************
INFO:root:Iniciando Scraping . . .
INFO:root:Error al interactuar con la página: Message: timeout: Timed out receiving message from renderer: 300.000
  (Session info: chrome=131.0.6778.86)
Stacktrace:
	GetHandleVerifier [0x00007FF630DA6CB5+28821]
	(No symbol) [0x00007FF630D13840]
	(No symbol) [0x00007FF630BB578A]
	(No symbol) [0x00007FF630BA3992]
	(No symbol) [0x00007FF630BA365A]
	(No symbol) [0x00007FF630BA1274]
	(No symbol) [0x00007FF630BA1D1F]
	(No symbol) [0x00007FF630BB084E]
	(No symbol) [0x00007FF630BC492D]
	(No symbol) [0x00007FF630BCB10A]
	(No symbol) [0x00007FF630BA2484]
	(No symbol) [0x00007FF630BC4753]
	(No symbol) [0x00007FF630C4F75A]
	(No symbol) [0x00007FF630C2F0A3]
	(No symbol) [0x00007FF630BFA778]
	(No symbol) [0x00007FF630BFB8E1]
	GetHandleVerifier [0x00007FF6310DFCAD+3408013]
	GetHandleVerifier [0x00007FF6310F741F+3504127]
	GetHandleVerifier [0x00007FF6310EB5FD+3455453]
	GetHandleVerifier [0x00007FF630E6BDBB+835995]
	(No symbol) [0x00007FF630D1EB5F]
	(No symbol) [0x00007FF630D1A814]
	(No symbol) [0x00007FF630D1A9AD]
	(No symbol) [0x00007FF630D0A199]
	BaseThreadInitThunk [0x00007FFEAFCB7374+20]
	RtlUserThreadStart [0x00007FFEB037CC91+33]

INFO:root:Navegador cerrado exitosamente.
INFO:root:**************************
INFO:root:**************************
INFO:root:Iniciando Scraping . . .
INFO:root:Error al interactuar con la página: Message: timeout: Timed out receiving message from renderer: 300.000
  (Session info: chrome=131.0.6778.86)
Stacktrace:
	GetHandleVerifier [0x00007FF63A7F6CB5+28821]
	(No symbol) [0x00007FF63A763840]
	(No symbol) [0x00007FF63A60578A]
	(No symbol) [0x00007FF63A5F3992]
	(No symbol) [0x00007FF63A5F365A]
	(No symbol) [0x00007FF63A5F1274]
	(No symbol) [0x00007FF63A5F1D1F]
	(No symbol) [0x00007FF63A60084E]
	(No symbol) [0x00007FF63A61492D]
	(No symbol) [0x00007FF63A61B10A]
	(No symbol) [0x00007FF63A5F2484]
	(No symbol) [0x00007FF63A614753]
	(No symbol) [0x00007FF63A69F75A]
	(No symbol) [0x00007FF63A67F0A3]
	(No symbol) [0x00007FF63A64A778]
	(No symbol) [0x00007FF63A64B8E1]
	GetHandleVerifier [0x00007FF63AB2FCAD+3408013]
	GetHandleVerifier [0x00007FF63AB4741F+3504127]
	GetHandleVerifier [0x00007FF63AB3B5FD+3455453]
	GetHandleVerifier [0x00007FF63A8BBDBB+835995]
	(No symbol) [0x00007FF63A76EB5F]
	(No symbol) [0x00007FF63A76A814]
	(No symbol) [0x00007FF63A76A9AD]
	(No symbol) [0x00007FF63A75A199]
	BaseThreadInitThunk [0x00007FFEAFCB7374+20]
	RtlUserThreadStart [0x00007FFEB037CC91+33]

INFO:root:Navegador cerrado exitosamente.
INFO:root:**************************
INFO:root:**************************
INFO:root:Iniciando Scraping . . .
INFO:root:Error al interactuar con la página: Message: timeout: Timed out receiving message from renderer: 300.000
  (Session info: chrome=131.0.6778.86)
Stacktrace:
	GetHandleVerifier [0x00007FF63A7F6CB5+28821]
	(No symbol) [0x00007FF63A763840]
	(No symbol) [0x00007FF63A60578A]
	(No symbol) [0x00007FF63A5F3992]
	(No symbol) [0x00007FF63A5F365A]
	(No symbol) [0x00007FF63A5F1274]
	(No symbol) [0x00007FF63A5F1D1F]
	(No symbol) [0x00007FF63A60084E]
	(No symbol) [0x00007FF63A61492D]
	(No symbol) [0x00007FF63A61B10A]
	(No symbol) [0x00007FF63A5F2484]
	(No symbol) [0x00007FF63A614753]
	(No symbol) [0x00007FF63A69F75A]
	(No symbol) [0x00007FF63A67F0A3]
	(No symbol) [0x00007FF63A64A778]
	(No symbol) [0x00007FF63A64B8E1]
	GetHandleVerifier [0x00007FF63AB2FCAD+3408013]
	GetHandleVerifier [0x00007FF63AB4741F+3504127]
	GetHandleVerifier [0x00007FF63AB3B5FD+3455453]
	GetHandleVerifier [0x00007FF63A8BBDBB+835995]
	(No symbol) [0x00007FF63A76EB5F]
	(No symbol) [0x00007FF63A76A814]
	(No symbol) [0x00007FF63A76A9AD]
	(No symbol) [0x00007FF63A75A199]
	BaseThreadInitThunk [0x00007FFEAFCB7374+20]
	RtlUserThreadStart [0x00007FFEB037CC91+33]

INFO:root:Navegador cerrado exitosamente.
INFO:root:**************************
INFO:root:**************************
INFO:root:Iniciando Scraping . . .
INFO:root:Error al interactuar con la página: Message: timeout: Timed out receiving message from renderer: 300.000
  (Session info: chrome=131.0.6778.86)
Stacktrace:
	GetHandleVerifier [0x00007FF6EB706CB5+28821]
	(No symbol) [0x00007FF6EB673840]
	(No symbol) [0x00007FF6EB51578A]
	(No symbol) [0x00007FF6EB503992]
	(No symbol) [0x00007FF6EB50365A]
	(No symbol) [0x00007FF6EB501274]
	(No symbol) [0x00007FF6EB501D1F]
	(No symbol) [0x00007FF6EB51084E]
	(No symbol) [0x00007FF6EB52492D]
	(No symbol) [0x00007FF6EB52B10A]
	(No symbol) [0x00007FF6EB502484]
	(No symbol) [0x00007FF6EB524753]
	(No symbol) [0x00007FF6EB5AF75A]
	(No symbol) [0x00007FF6EB58F0A3]
	(No symbol) [0x00007FF6EB55A778]
	(No symbol) [0x00007FF6EB55B8E1]
	GetHandleVerifier [0x00007FF6EBA3FCAD+3408013]
	GetHandleVerifier [0x00007FF6EBA5741F+3504127]
	GetHandleVerifier [0x00007FF6EBA4B5FD+3455453]
	GetHandleVerifier [0x00007FF6EB7CBDBB+835995]
	(No symbol) [0x00007FF6EB67EB5F]
	(No symbol) [0x00007FF6EB67A814]
	(No symbol) [0x00007FF6EB67A9AD]
	(No symbol) [0x00007FF6EB66A199]
	BaseThreadInitThunk [0x00007FFEAFCB7374+20]
	RtlUserThreadStart [0x00007FFEB037CC91+33]

INFO:root:Navegador cerrado exitosamente.
INFO:root:**************************
INFO:root:**************************
INFO:root:Iniciando Scraping . . .
INFO:root:Error al interactuar con la página: Message: timeout: Timed out receiving message from renderer: 300.000
  (Session info: chrome=131.0.6778.86)
Stacktrace:
	GetHandleVerifier [0x00007FF660CC6CB5+28821]
	(No symbol) [0x00007FF660C33840]
	(No symbol) [0x00007FF660AD578A]
	(No symbol) [0x00007FF660AC3992]
	(No symbol) [0x00007FF660AC365A]
	(No symbol) [0x00007FF660AC1274]
	(No symbol) [0x00007FF660AC1D1F]
	(No symbol) [0x00007FF660AD084E]
	(No symbol) [0x00007FF660AE492D]
	(No symbol) [0x00007FF660AEB10A]
	(No symbol) [0x00007FF660AC2484]
	(No symbol) [0x00007FF660AE4753]
	(No symbol) [0x00007FF660B6F75A]
	(No symbol) [0x00007FF660B4F0A3]
	(No symbol) [0x00007FF660B1A778]
	(No symbol) [0x00007FF660B1B8E1]
	GetHandleVerifier [0x00007FF660FFFCAD+3408013]
	GetHandleVerifier [0x00007FF66101741F+3504127]
	GetHandleVerifier [0x00007FF66100B5FD+3455453]
	GetHandleVerifier [0x00007FF660D8BDBB+835995]
	(No symbol) [0x00007FF660C3EB5F]
	(No symbol) [0x00007FF660C3A814]
	(No symbol) [0x00007FF660C3A9AD]
	(No symbol) [0x00007FF660C2A199]
	BaseThreadInitThunk [0x00007FFEAFCB7374+20]
	RtlUserThreadStart [0x00007FFEB037CC91+33]

INFO:root:Navegador cerrado exitosamente.
INFO:root:**************************
INFO:root:**************************
INFO:root:Iniciando Scraping . . .
INFO:root:Error al interactuar con la página: Message: timeout: Timed out receiving message from renderer: 300.000
  (Session info: chrome=131.0.6778.86)
Stacktrace:
	GetHandleVerifier [0x00007FF660CC6CB5+28821]
	(No symbol) [0x00007FF660C33840]
	(No symbol) [0x00007FF660AD578A]
	(No symbol) [0x00007FF660AC3992]
	(No symbol) [0x00007FF660AC365A]
	(No symbol) [0x00007FF660AC1274]
	(No symbol) [0x00007FF660AC1D1F]
	(No symbol) [0x00007FF660AD084E]
	(No symbol) [0x00007FF660AE492D]
	(No symbol) [0x00007FF660AEB10A]
	(No symbol) [0x00007FF660AC2484]
	(No symbol) [0x00007FF660AE4753]
	(No symbol) [0x00007FF660B6F75A]
	(No symbol) [0x00007FF660B4F0A3]
	(No symbol) [0x00007FF660B1A778]
	(No symbol) [0x00007FF660B1B8E1]
	GetHandleVerifier [0x00007FF660FFFCAD+3408013]
	GetHandleVerifier [0x00007FF66101741F+3504127]
	GetHandleVerifier [0x00007FF66100B5FD+3455453]
	GetHandleVerifier [0x00007FF660D8BDBB+835995]
	(No symbol) [0x00007FF660C3EB5F]
	(No symbol) [0x00007FF660C3A814]
	(No symbol) [0x00007FF660C3A9AD]
	(No symbol) [0x00007FF660C2A199]
	BaseThreadInitThunk [0x00007FFEAFCB7374+20]
	RtlUserThreadStart [0x00007FFEB037CC91+33]

INFO:root:Navegador cerrado exitosamente.
INFO:root:**************************
INFO:root:**************************
INFO:root:Iniciando Scraping . . .
INFO:root:Seleccionando categoria
INFO:root:Buscando . . .
INFO:root:Error al interactuar con la página: Message: timeout: Timed out receiving message from renderer: 300.000
  (Session info: chrome=131.0.6778.86)
Stacktrace:
	GetHandleVerifier [0x00007FF660CC6CB5+28821]
	(No symbol) [0x00007FF660C33840]
	(No symbol) [0x00007FF660AD578A]
	(No symbol) [0x00007FF660AC3992]
	(No symbol) [0x00007FF660AC365A]
	(No symbol) [0x00007FF660AC1274]
	(No symbol) [0x00007FF660AC1D1F]
	(No symbol) [0x00007FF660AD084E]
	(No symbol) [0x00007FF660AE492D]
	(No symbol) [0x00007FF660AEB10A]
	(No symbol) [0x00007FF660AC2484]
	(No symbol) [0x00007FF660AE4753]
	(No symbol) [0x00007FF660B6F75A]
	(No symbol) [0x00007FF660B4F0A3]
	(No symbol) [0x00007FF660B1A778]
	(No symbol) [0x00007FF660B1B8E1]
	GetHandleVerifier [0x00007FF660FFFCAD+3408013]
	GetHandleVerifier [0x00007FF66101741F+3504127]
	GetHandleVerifier [0x00007FF66100B5FD+3455453]
	GetHandleVerifier [0x00007FF660D8BDBB+835995]
	(No symbol) [0x00007FF660C3EB5F]
	(No symbol) [0x00007FF660C3A814]
	(No symbol) [0x00007FF660C3A9AD]
	(No symbol) [0x00007FF660C2A199]
	BaseThreadInitThunk [0x00007FFEAFCB7374+20]
	RtlUserThreadStart [0x00007FFEB037CC91+33]

INFO:root:Navegador cerrado exitosamente.
INFO:root:**************************
INFO:root:****************************************
INFO:root:Iniciando Scraping . . .
INFO:root:Error al interactuar con la página: Message: timeout: Timed out receiving message from renderer: 300.000
  (Session info: chrome=131.0.6778.86)
Stacktrace:
	GetHandleVerifier [0x00007FF660CC6CB5+28821]
	(No symbol) [0x00007FF660C33840]
	(No symbol) [0x00007FF660AD578A]
	(No symbol) [0x00007FF660AC3992]
	(No symbol) [0x00007FF660AC365A]
	(No symbol) [0x00007FF660AC1274]
	(No symbol) [0x00007FF660AC1D1F]
	(No symbol) [0x00007FF660AD084E]
	(No symbol) [0x00007FF660AE492D]
	(No symbol) [0x00007FF660AEB10A]
	(No symbol) [0x00007FF660AC2484]
	(No symbol) [0x00007FF660AE4753]
	(No symbol) [0x00007FF660B6F75A]
	(No symbol) [0x00007FF660B4F0A3]
	(No symbol) [0x00007FF660B1A778]
	(No symbol) [0x00007FF660B1B8E1]
	GetHandleVerifier [0x00007FF660FFFCAD+3408013]
	GetHandleVerifier [0x00007FF66101741F+3504127]
	GetHandleVerifier [0x00007FF66100B5FD+3455453]
	GetHandleVerifier [0x00007FF660D8BDBB+835995]
	(No symbol) [0x00007FF660C3EB5F]
	(No symbol) [0x00007FF660C3A814]
	(No symbol) [0x00007FF660C3A9AD]
	(No symbol) [0x00007FF660C2A199]
	BaseThreadInitThunk [0x00007FFEAFCB7374+20]
	RtlUserThreadStart [0x00007FFEB037CC91+33]

INFO:root:Navegador cerrado exitosamente.
